Deploy complete @ Sat Aug 18 2018 16:22:22 GMT-0500 (CDT). added/changed 1 file(s): snippets/product-form-multivariant.liquid.
Deploy complete @ Sat Aug 18 2018 16:25:06 GMT-0500 (CDT). added/changed 1 file(s): snippets/product.liquid.
Deploy complete @ Sat Aug 18 2018 16:25:48 GMT-0500 (CDT). added/changed 1 file(s): snippets/product.liquid.
Deploy complete @ Sat Aug 18 2018 16:25:59 GMT-0500 (CDT). added/changed 1 file(s): snippets/product.liquid.
Deploy complete @ Sat Aug 18 2018 16:29:07 GMT-0500 (CDT). added/changed 1 file(s): snippets/product-form-multivariant.liquid.
Deploy complete @ Sat Aug 18 2018 16:40:52 GMT-0500 (CDT). added/changed 1 file(s): snippets/product-form-multivariant.liquid.
Deploy complete @ Sat Aug 18 2018 16:41:29 GMT-0500 (CDT). added/changed 1 file(s): snippets/product-form-multivariant.liquid.
Deploy complete @ Sat Aug 18 2018 16:46:09 GMT-0500 (CDT). added/changed 1 file(s): snippets/product-form-multivariant.liquid.
Deploy complete @ Sat Aug 18 2018 16:47:26 GMT-0500 (CDT). added/changed 1 file(s): snippets/product-form-multivariant.liquid.
Deploy complete @ Sat Aug 18 2018 16:52:42 GMT-0500 (CDT). added/changed 1 file(s): snippets/product.liquid.
Deploy complete @ Sat Aug 18 2018 16:53:32 GMT-0500 (CDT). added/changed 1 file(s): snippets/product-form-multivariant.liquid.
Deploy complete @ Sat Aug 18 2018 16:55:33 GMT-0500 (CDT). added/changed 1 file(s): snippets/product-form-multivariant.liquid.
Deploy complete @ Sat Aug 18 2018 16:56:06 GMT-0500 (CDT). added/changed 1 file(s): snippets/product-form-multivariant.liquid.
Deploy complete @ Sat Aug 18 2018 16:56:12 GMT-0500 (CDT). added/changed 1 file(s): snippets/product-form-multivariant.liquid.
Deploy complete @ Sat Aug 18 2018 16:57:39 GMT-0500 (CDT). added/changed 1 file(s): snippets/product-form-multivariant.liquid.
Deploy complete @ Sat Aug 18 2018 16:57:51 GMT-0500 (CDT). added/changed 1 file(s): snippets/product-form-multivariant.liquid.
Deploy complete @ Sat Aug 18 2018 16:58:22 GMT-0500 (CDT). added/changed 1 file(s): snippets/product-form-multivariant.liquid.
Deploy complete @ Sat Aug 18 2018 17:00:55 GMT-0500 (CDT). added/changed 1 file(s): assets/theme.scss.liquid.
Deploy complete @ Sat Aug 18 2018 17:01:35 GMT-0500 (CDT). added/changed 1 file(s): assets/theme.scss.liquid.
Deploy complete @ Sat Aug 18 2018 17:01:40 GMT-0500 (CDT). added/changed 1 file(s): assets/theme.scss.liquid.
Deploy complete @ Sat Aug 18 2018 17:03:01 GMT-0500 (CDT). added/changed 1 file(s): assets/theme.scss.liquid.
Deploy complete @ Sat Aug 18 2018 17:03:43 GMT-0500 (CDT). added/changed 1 file(s): assets/theme.scss.liquid.
Deploy complete @ Sat Aug 18 2018 17:04:53 GMT-0500 (CDT). added/changed 1 file(s): assets/theme.scss.liquid.
Deploy complete @ Sat Aug 18 2018 17:06:07 GMT-0500 (CDT). added/changed 1 file(s): snippets/product-form-multivariant.liquid.
Deploy complete @ Sat Aug 18 2018 17:07:40 GMT-0500 (CDT). added/changed 1 file(s): snippets/product-form-multivariant.liquid.
Deploy complete @ Sat Aug 18 2018 17:08:10 GMT-0500 (CDT). added/changed 1 file(s): snippets/product-form-multivariant.liquid.
Deploy complete @ Sat Aug 18 2018 17:08:15 GMT-0500 (CDT). added/changed 1 file(s): snippets/product-form-multivariant.liquid.
Deploy complete @ Sat Aug 18 2018 17:08:51 GMT-0500 (CDT). added/changed 1 file(s): assets/theme.scss.liquid.
Deploy complete @ Sat Aug 18 2018 17:09:08 GMT-0500 (CDT). added/changed 1 file(s): assets/theme.scss.liquid.
Deploy complete @ Sat Aug 18 2018 17:09:11 GMT-0500 (CDT). added/changed 1 file(s): assets/theme.scss.liquid.
Deploy complete @ Sat Aug 18 2018 17:11:28 GMT-0500 (CDT). added/changed 1 file(s): assets/theme.scss.liquid.
Deploy complete @ Sat Aug 18 2018 17:11:40 GMT-0500 (CDT). added/changed 1 file(s): assets/theme.scss.liquid.
Deploy complete @ Sat Aug 18 2018 17:14:19 GMT-0500 (CDT). added/changed 1 file(s): assets/theme.scss.liquid.
Deploy complete @ Sat Aug 18 2018 17:14:26 GMT-0500 (CDT). added/changed 1 file(s): assets/theme.scss.liquid.
Deploy complete @ Sat Aug 18 2018 17:14:31 GMT-0500 (CDT). added/changed 1 file(s): snippets/product-form-multivariant.liquid.
Deploy complete @ Sat Aug 18 2018 17:15:04 GMT-0500 (CDT). added/changed 1 file(s): assets/theme.scss.liquid.
Deploy complete @ Sat Aug 18 2018 17:15:54 GMT-0500 (CDT). added/changed 1 file(s): snippets/product-form-multivariant.liquid.
Deploy complete @ Sat Aug 18 2018 17:25:26 GMT-0500 (CDT). added/changed 1 file(s): assets/app.js.
Deploy complete @ Sat Aug 18 2018 17:25:39 GMT-0500 (CDT). added/changed 1 file(s): assets/app.js.
Deploy complete @ Sat Aug 18 2018 17:27:03 GMT-0500 (CDT). added/changed 1 file(s): layout/theme.liquid.
Deploy complete @ Sat Aug 18 2018 17:27:42 GMT-0500 (CDT). added/changed 1 file(s): assets/app.js.
Deploy complete @ Sat Aug 18 2018 17:27:45 GMT-0500 (CDT). added/changed 1 file(s): assets/app.js.
Deploy complete @ Sat Aug 18 2018 17:28:27 GMT-0500 (CDT). added/changed 1 file(s): assets/app.js.
Deploy complete @ Sat Aug 18 2018 17:28:37 GMT-0500 (CDT). added/changed 1 file(s): assets/app.js.
Deploy complete @ Sat Aug 18 2018 17:29:14 GMT-0500 (CDT). added/changed 1 file(s): assets/app.js.
Deploy complete @ Sat Aug 18 2018 17:29:48 GMT-0500 (CDT). added/changed 1 file(s): assets/app.js.
Deploy complete @ Sat Aug 18 2018 17:31:02 GMT-0500 (CDT). added/changed 1 file(s): snippets/product-form-multivariant.liquid.
Deploy complete @ Sat Aug 18 2018 17:31:30 GMT-0500 (CDT). added/changed 1 file(s): snippets/product-form-multivariant.liquid.
Deploy complete @ Sat Aug 18 2018 17:32:18 GMT-0500 (CDT). added/changed 1 file(s): assets/app.js.
Deploy complete @ Sat Aug 18 2018 17:37:07 GMT-0500 (CDT). added/changed 1 file(s): assets/app.js.
Deploy complete @ Sun Aug 19 2018 09:10:05 GMT-0500 (CDT). added/changed 1 file(s): assets/app.js.
Deploy complete @ Sun Aug 19 2018 09:10:18 GMT-0500 (CDT). added/changed 1 file(s): assets/app.js.
Deploy complete @ Sun Aug 19 2018 09:10:58 GMT-0500 (CDT). added/changed 1 file(s): assets/app.js.
Deploy complete @ Sun Aug 19 2018 09:11:41 GMT-0500 (CDT). added/changed 1 file(s): assets/app.js.
Deploy complete @ Sun Aug 19 2018 09:12:43 GMT-0500 (CDT). added/changed 1 file(s): assets/theme.scss.liquid.
Deploy complete @ Sun Aug 19 2018 09:13:08 GMT-0500 (CDT). added/changed 1 file(s): assets/theme.scss.liquid.
Deploy complete @ Sun Aug 19 2018 09:13:38 GMT-0500 (CDT). added/changed 1 file(s): assets/theme.scss.liquid.
Deploy complete @ Sun Aug 19 2018 09:15:41 GMT-0500 (CDT). added/changed 1 file(s): assets/app.js.
Deploy complete @ Sun Aug 19 2018 09:16:19 GMT-0500 (CDT). added/changed 1 file(s): assets/theme.scss.liquid.
Deploy complete @ Sun Aug 19 2018 09:16:48 GMT-0500 (CDT). added/changed 1 file(s): assets/app.js.
Deploy complete @ Sun Aug 19 2018 09:17:28 GMT-0500 (CDT). added/changed 1 file(s): assets/app.js.
Deploy complete @ Sun Aug 19 2018 09:17:35 GMT-0500 (CDT). added/changed 1 file(s): assets/app.js.
Deploy complete @ Sun Aug 19 2018 09:18:39 GMT-0500 (CDT). added/changed 1 file(s): assets/app.js.
Deploy complete @ Sun Aug 19 2018 09:25:28 GMT-0500 (CDT). added/changed 1 file(s): assets/app.js.
Deploy complete @ Sun Aug 19 2018 09:25:49 GMT-0500 (CDT). added/changed 1 file(s): assets/app.js.
Deploy complete @ Sun Aug 19 2018 09:25:52 GMT-0500 (CDT). added/changed 1 file(s): assets/app.js.
Deploy complete @ Sun Aug 19 2018 09:26:34 GMT-0500 (CDT). added/changed 1 file(s): assets/app.js.
Deploy complete @ Sun Aug 19 2018 09:27:12 GMT-0500 (CDT). added/changed 1 file(s): assets/app.js.
Deploy complete @ Sun Aug 19 2018 09:27:38 GMT-0500 (CDT). added/changed 1 file(s): assets/app.js.
Deploy complete @ Sun Aug 19 2018 09:28:57 GMT-0500 (CDT). added/changed 1 file(s): assets/app.js.
Deploy complete @ Sun Aug 19 2018 09:28:59 GMT-0500 (CDT). added/changed 1 file(s): assets/app.js.
Deploy complete @ Sun Aug 19 2018 09:29:29 GMT-0500 (CDT). added/changed 1 file(s): assets/app.js.
Deploy complete @ Sun Aug 19 2018 09:30:21 GMT-0500 (CDT). added/changed 1 file(s): assets/app.js.
Deploy complete @ Sun Aug 19 2018 09:33:51 GMT-0500 (CDT). added/changed 1 file(s): assets/app.js.
Deploy complete @ Sun Aug 19 2018 09:36:54 GMT-0500 (CDT). added/changed 1 file(s): assets/app.js.
Deploy complete @ Sun Aug 19 2018 09:37:15 GMT-0500 (CDT). added/changed 1 file(s): assets/app.js.
Deploy complete @ Sun Aug 19 2018 09:38:22 GMT-0500 (CDT). added/changed 1 file(s): assets/app.js.
Deploy complete @ Sun Aug 19 2018 09:42:29 GMT-0500 (CDT). added/changed 1 file(s): assets/app.js.
Deploy complete @ Sun Aug 19 2018 09:43:05 GMT-0500 (CDT). added/changed 1 file(s): assets/app.js.
Deploy complete @ Sun Aug 19 2018 09:44:09 GMT-0500 (CDT). added/changed 1 file(s): assets/app.js.
Deploy complete @ Sun Aug 19 2018 09:45:01 GMT-0500 (CDT). added/changed 1 file(s): assets/app.js.
Deploy complete @ Sun Aug 19 2018 09:45:07 GMT-0500 (CDT). added/changed 1 file(s): assets/app.js.
Deploy complete @ Sun Aug 19 2018 09:47:31 GMT-0500 (CDT). added/changed 1 file(s): assets/app.js.
Deploy complete @ Sun Aug 19 2018 09:48:53 GMT-0500 (CDT). added/changed 1 file(s): assets/app.js.
Deploy complete @ Sun Aug 19 2018 09:50:22 GMT-0500 (CDT). added/changed 1 file(s): assets/app.js.
Deploy complete @ Sun Aug 19 2018 09:51:48 GMT-0500 (CDT). added/changed 1 file(s): assets/app.js.
Deploy complete @ Sun Aug 19 2018 09:53:49 GMT-0500 (CDT). added/changed 1 file(s): assets/app.js.
Deploy complete @ Sun Aug 19 2018 09:55:52 GMT-0500 (CDT). added/changed 1 file(s): assets/app.js.
Deploy complete @ Sun Aug 19 2018 09:56:45 GMT-0500 (CDT). added/changed 1 file(s): assets/app.js.
Deploy complete @ Sun Aug 19 2018 09:57:32 GMT-0500 (CDT). added/changed 1 file(s): assets/app.js.
Deploy complete @ Sun Aug 19 2018 09:58:28 GMT-0500 (CDT). added/changed 1 file(s): assets/app.js.
Deploy complete @ Sun Aug 19 2018 09:58:43 GMT-0500 (CDT). added/changed 1 file(s): assets/app.js.
Deploy complete @ Sun Aug 19 2018 09:59:49 GMT-0500 (CDT). added/changed 1 file(s): assets/app.js.
Deploy complete @ Sun Aug 19 2018 10:02:18 GMT-0500 (CDT). added/changed 1 file(s): assets/app.js.
Deploy complete @ Sun Aug 19 2018 10:05:57 GMT-0500 (CDT). added/changed 1 file(s): assets/app.js.
Deploy complete @ Sun Aug 19 2018 10:12:42 GMT-0500 (CDT). added/changed 1 file(s): assets/app.js.
Deploy complete @ Sun Aug 19 2018 10:13:35 GMT-0500 (CDT). added/changed 1 file(s): assets/app.js.
Deploy complete @ Sun Aug 19 2018 10:15:15 GMT-0500 (CDT). added/changed 1 file(s): assets/app.js.
Deploy complete @ Sun Aug 19 2018 10:15:31 GMT-0500 (CDT). added/changed 1 file(s): assets/app.js.
Deploy complete @ Sun Aug 19 2018 10:17:04 GMT-0500 (CDT). added/changed 1 file(s): assets/app.js.
Deploy complete @ Sun Aug 19 2018 10:17:07 GMT-0500 (CDT). added/changed 1 file(s): assets/app.js.
Deploy complete @ Sun Aug 19 2018 10:17:48 GMT-0500 (CDT). added/changed 1 file(s): assets/app.js.
Deploy complete @ Sun Aug 19 2018 10:21:35 GMT-0500 (CDT). added/changed 1 file(s): assets/app.js.
Deploy complete @ Sun Aug 19 2018 10:22:03 GMT-0500 (CDT). added/changed 1 file(s): assets/app.js.
Deploy complete @ Sun Aug 19 2018 10:24:15 GMT-0500 (CDT). added/changed 1 file(s): assets/app.js.
Deploy complete @ Sun Aug 19 2018 10:24:43 GMT-0500 (CDT). added/changed 1 file(s): assets/app.js.
Deploy complete @ Sun Aug 19 2018 10:25:08 GMT-0500 (CDT). added/changed 1 file(s): assets/app.js.
Deploy complete @ Sun Aug 19 2018 10:26:12 GMT-0500 (CDT). added/changed 1 file(s): assets/app.js.
Deploy complete @ Sun Aug 19 2018 10:44:13 GMT-0500 (CDT). added/changed 1 file(s): assets/app.js.
Deploy complete @ Sun Aug 19 2018 10:44:24 GMT-0500 (CDT). added/changed 1 file(s): assets/app.js.
Deploy complete @ Sun Aug 19 2018 10:44:49 GMT-0500 (CDT). added/changed 1 file(s): assets/app.js.
Deploy complete @ Sun Aug 19 2018 10:44:52 GMT-0500 (CDT). added/changed 1 file(s): assets/app.js.
Deploy complete @ Sun Aug 19 2018 10:46:14 GMT-0500 (CDT). added/changed 1 file(s): assets/app.js.
Deploy complete @ Sun Aug 19 2018 10:47:06 GMT-0500 (CDT). added/changed 1 file(s): assets/app.js.
Deploy complete @ Sun Aug 19 2018 10:47:47 GMT-0500 (CDT). added/changed 1 file(s): assets/app.js.
Deploy complete @ Sun Aug 19 2018 10:48:50 GMT-0500 (CDT). added/changed 1 file(s): assets/app.js.
Deploy complete @ Sun Aug 19 2018 11:10:53 GMT-0500 (CDT). added/changed 1 file(s): assets/theme.scss.liquid.
